<?xml version="1.0" encoding="UTF-8"?>
<!-- Generated by org.testng.reporters.JUnitReportReporter -->
<testsuite hostname="ClaytonRitchie" failures="0" tests="3" name="Get200ProviderTest" time="1.804" errors="0" timestamp="2022-01-19T19:44:31 EST" skipped="0">
  <testcase classname="Get200ProviderTest" name="baseUrlReturns200" time="0.591"/>
  <system-out/>
  <testcase classname="Get200ProviderTest" name="baseUrlReturns200" time="0.986"/>
  <system-out/>
  <testcase classname="Get200ProviderTest" name="baseUrlReturns200" time="0.227"/>
  <system-out/>
</testsuite> <!-- Get200ProviderTest -->
