<?xml version="1.0" encoding="UTF-8"?>
<!-- Generated by org.testng.reporters.JUnitReportReporter -->
<testsuite hostname="ClaytonRitchie" failures="0" tests="3" name="Get200Test" time="0.651" errors="0" timestamp="2022-01-19T19:44:31 EST" skipped="0">
  <testcase classname="Get200Test" name="searchReturns200" time="0.234"/>
  <system-out/>
  <testcase classname="Get200Test" name="rateReturns200" time="0.201"/>
  <system-out/>
  <testcase classname="Get200Test" name="baseUrlReturns200" time="0.216"/>
  <system-out/>
</testsuite> <!-- Get200Test -->
